<?xml version='1.0'?>
<ns2:test-suite xmlns:ns2='urn:model.allure.qatools.yandex.ru' start='1616910598798' stop='1616910623529'>
    <name>User management page feature test</name>
    <title>User management page feature test</title>
    <test-cases>
        <test-case start='1616910598800' status='broken' stop='1616910622559'>
            <name>Verify navigate to user management page</name>
            <title>Verify navigate to user management page</title>
            <labels>
                <label name='language' value='javascript'/>
                <label name='framework' value='wdio'/>
                <label name='thread' value='0-0'/>
            </labels>
            <parameters>
                <parameter kind='argument' name='browser' value='chrome-89.0.4389.90'/>
            </parameters>
            <steps>
                <step start='1616910600047' status='passed' stop='1616910600742'>
                    <name>POST /session/:sessionId/window/rect</name>
                    <title>POST /session/:sessionId/window/rect</title>
                    <attachments>
                        <attachment title='Request' source='65c76354-6e69-4053-8f33-6dc683f25322-attachment.json' type='application/json' size='62'/>
                        <attachment title='Response' source='5af1aeb3-00ea-47c3-8a2e-de1fad897bf3-attachment.json' type='application/json' size='58'/>
                    </attachments>
                    <steps/>
                </step>
                <step start='1616910600747' status='passed' stop='1616910607058'>
                    <name>POST /session/:sessionId/url</name>
                    <title>POST /session/:sessionId/url</title>
                    <attachments>
                        <attachment title='Request' source='9242118a-917e-4be0-95e0-b7811586ff56-attachment.json' type='application/json' size='57'/>
                    </attachments>
                    <steps/>
                </step>
                <step start='1616910612079' status='passed' stop='1616910612476'>
                    <name>POST /session/:sessionId/element</name>
                    <title>POST /session/:sessionId/element</title>
                    <attachments>
                        <attachment title='Request' source='c9337629-4270-4dac-9953-e97b49fe5dbd-attachment.json' type='application/json' size='63'/>
                        <attachment title='Response' source='0012458f-0f1a-4094-9f9e-9445a5ae39cb-attachment.json' type='application/json' size='83'/>
                    </attachments>
                    <steps/>
                </step>
                <step start='1616910612538' status='passed' stop='1616910612665'>
                    <name>POST /session/:sessionId/execute/sync</name>
                    <title>POST /session/:sessionId/execute/sync</title>
                    <attachments>
                        <attachment title='Request' source='eba4e146-3489-499b-9f17-c83fc1c69bb1-attachment.json' type='application/json' size='8337'/>
                        <attachment title='Response' source='b6ba8871-5639-4ac8-8484-e245c1c06be7-attachment.json' type='application/json' size='4'/>
                    </attachments>
                    <steps/>
                </step>
                <step start='1616910612700' status='passed' stop='1616910612946'>
                    <name>POST /session/:sessionId/element/d310b1a1-3d0a-4317-a60c-c0b1cbab1bf3/clear</name>
                    <title>POST /session/:sessionId/element/d310b1a1-3d0a-4317-a60c-c0b1cbab1bf3/clear</title>
                    <attachments/>
                    <steps/>
                </step>
                <step start='1616910612985' status='passed' stop='1616910613759'>
                    <name>POST /session/:sessionId/element/d310b1a1-3d0a-4317-a60c-c0b1cbab1bf3/value</name>
                    <title>POST /session/:sessionId/element/d310b1a1-3d0a-4317-a60c-c0b1cbab1bf3/value</title>
                    <attachments>
                        <attachment title='Request' source='99824981-3f31-46f5-83ac-d8e9efc33af2-attachment.json' type='application/json' size='21'/>
                    </attachments>
                    <steps/>
                </step>
                <step start='1616910613761' status='passed' stop='1616910613865'>
                    <name>POST /session/:sessionId/element</name>
                    <title>POST /session/:sessionId/element</title>
                    <attachments>
                        <attachment title='Request' source='62844e37-e3cc-430a-90e8-2f15b1e6010c-attachment.json' type='application/json' size='63'/>
                        <attachment title='Response' source='6b27c108-6771-4846-ae26-05c9847103a8-attachment.json' type='application/json' size='83'/>
                    </attachments>
                    <steps/>
                </step>
                <step start='1616910613883' status='passed' stop='1616910613922'>
                    <name>POST /session/:sessionId/execute/sync</name>
                    <title>POST /session/:sessionId/execute/sync</title>
                    <attachments>
                        <attachment title='Request' source='6f107eab-24b6-4ed1-8a33-87b10548802c-attachment.json' type='application/json' size='8337'/>
                        <attachment title='Response' source='96bb48ef-c80f-425d-8346-6ee16b1ae9b4-attachment.json' type='application/json' size='4'/>
                    </attachments>
                    <steps/>
                </step>
                <step start='1616910613922' status='passed' stop='1616910614009'>
                    <name>POST /session/:sessionId/element/b8d130d6-eb13-46fc-b75a-b5ca96c20c0c/clear</name>
                    <title>POST /session/:sessionId/element/b8d130d6-eb13-46fc-b75a-b5ca96c20c0c/clear</title>
                    <attachments/>
                    <steps/>
                </step>
                <step start='1616910614011' status='passed' stop='1616910614312'>
                    <name>POST /session/:sessionId/element/b8d130d6-eb13-46fc-b75a-b5ca96c20c0c/value</name>
                    <title>POST /session/:sessionId/element/b8d130d6-eb13-46fc-b75a-b5ca96c20c0c/value</title>
                    <attachments>
                        <attachment title='Request' source='b2439dce-5f0f-470e-803f-069d64fd3178-attachment.json' type='application/json' size='24'/>
                    </attachments>
                    <steps/>
                </step>
                <step start='1616910614314' status='passed' stop='1616910614425'>
                    <name>POST /session/:sessionId/element</name>
                    <title>POST /session/:sessionId/element</title>
                    <attachments>
                        <attachment title='Request' source='adcee2bf-a13f-458f-a62d-bec5528f425b-attachment.json' type='application/json' size='60'/>
                        <attachment title='Response' source='a4320878-ac79-49e9-8272-cb052330d873-attachment.json' type='application/json' size='83'/>
                    </attachments>
                    <steps/>
                </step>
                <step start='1616910614443' status='passed' stop='1616910614602'>
                    <name>POST /session/:sessionId/execute/sync</name>
                    <title>POST /session/:sessionId/execute/sync</title>
                    <attachments>
                        <attachment title='Request' source='21194e4b-7728-48e9-9f96-674a2bd742ea-attachment.json' type='application/json' size='8337'/>
                        <attachment title='Response' source='7813ee5a-5de9-4b4a-868c-b96293133e44-attachment.json' type='application/json' size='4'/>
                    </attachments>
                    <steps/>
                </step>
                <step start='1616910614603' status='passed' stop='1616910621805'>
                    <name>POST /session/:sessionId/element/cae912d0-010f-48a9-bc20-399283649a56/click</name>
                    <title>POST /session/:sessionId/element/cae912d0-010f-48a9-bc20-399283649a56/click</title>
                    <attachments/>
                    <steps/>
                </step>
                <step start='1616910621806' status='passed' stop='1616910621847'>
                    <name>GET /session/:sessionId/title</name>
                    <title>GET /session/:sessionId/title</title>
                    <attachments>
                        <attachment title='Response' source='40d58608-d779-4fd0-8174-5336eec71a80-attachment.json' type='application/json' size='11'/>
                    </attachments>
                    <steps/>
                </step>
                <step start='1616910621848' status='passed' stop='1616910621864'>
                    <name>GET /session/:sessionId/title</name>
                    <title>GET /session/:sessionId/title</title>
                    <attachments>
                        <attachment title='Response' source='66a08b4d-88f2-41f4-96f9-c883f03b0fc6-attachment.json' type='application/json' size='11'/>
                    </attachments>
                    <steps/>
                </step>
                <step start='1616910621953' status='passed' stop='1616910622557'>
                    <name>GET /session/:sessionId/screenshot</name>
                    <title>GET /session/:sessionId/screenshot</title>
                    <attachments>
                        <attachment title='Screenshot' source='692bfaed-9b79-4480-9913-60eade153d68-attachment.png' type='image/png' size='72803'/>
                    </attachments>
                    <steps/>
                </step>
            </steps>
            <attachments/>
            <failure>
                <message>mouseAction.moveToElement is not a function</message>
                <stack-trace>TypeError: mouseAction.moveToElement is not a function
                    at HomePage.navigateToUserManagementPage (D:\WebDriverIO_Env\Workspace\WebDriverIO_POM_Framework\pages\home.page.js:48:21)
                    at Context.&lt;anonymous> (D:\WebDriverIO_Env\Workspace\WebDriverIO_POM_Framework\test\test.user.management.js:19:18)
                    at Context.executeSync (D:\WebDriverIO_Env\Workspace\WebDriverIO_POM_Framework\node_modules\@wdio\sync\build\index.js:38:22)
                    at D:\WebDriverIO_Env\Workspace\WebDriverIO_POM_Framework\node_modules\@wdio\sync\build\index.js:69:68</stack-trace>
            </failure>
        </test-case>
        <test-case start='1616910622560' status='broken' stop='1616910623021'>
            <name>Verify user management page header</name>
            <title>Verify user management page header</title>
            <labels>
                <label name='language' value='javascript'/>
                <label name='framework' value='wdio'/>
                <label name='thread' value='0-0'/>
            </labels>
            <parameters>
                <parameter kind='argument' name='browser' value='chrome-89.0.4389.90'/>
            </parameters>
            <steps>
                <step start='1616910622562' status='passed' stop='1616910623021'>
                    <name>GET /session/:sessionId/screenshot</name>
                    <title>GET /session/:sessionId/screenshot</title>
                    <attachments>
                        <attachment title='Screenshot' source='3ddba699-8296-4462-b7d6-bab0d4ff5a9a-attachment.png' type='image/png' size='72803'/>
                    </attachments>
                    <steps/>
                </step>
            </steps>
            <attachments/>
            <failure>
                <message>element.waitForDisplayed is not a function</message>
                <stack-trace>TypeError: element.waitForDisplayed is not a function
                    at ElementUtil.element_getText (D:\WebDriverIO_Env\Workspace\WebDriverIO_POM_Framework\util\element.util.js:19:17)
                    at UserManagementPage.verifyUserManagementPageHeaderText (D:\WebDriverIO_Env\Workspace\WebDriverIO_POM_Framework\pages\user.management.page.js:26:28)
                    at Context.&lt;anonymous> (D:\WebDriverIO_Env\Workspace\WebDriverIO_POM_Framework\test\test.user.management.js:23:43)
                    at Context.executeSync (D:\WebDriverIO_Env\Workspace\WebDriverIO_POM_Framework\node_modules\@wdio\sync\build\index.js:38:22)
                    at D:\WebDriverIO_Env\Workspace\WebDriverIO_POM_Framework\node_modules\@wdio\sync\build\index.js:69:68</stack-trace>
            </failure>
        </test-case>
        <test-case start='1616910623022' status='broken' stop='1616910623524'>
            <name>Verify user search functionality</name>
            <title>Verify user search functionality</title>
            <labels>
                <label name='language' value='javascript'/>
                <label name='framework' value='wdio'/>
                <label name='thread' value='0-0'/>
            </labels>
            <parameters>
                <parameter kind='argument' name='browser' value='chrome-89.0.4389.90'/>
            </parameters>
            <steps>
                <step start='1616910623025' status='passed' stop='1616910623523'>
                    <name>GET /session/:sessionId/screenshot</name>
                    <title>GET /session/:sessionId/screenshot</title>
                    <attachments>
                        <attachment title='Screenshot' source='60e072d1-5ddc-4eac-ba36-688b9feb798c-attachment.png' type='image/png' size='72803'/>
                    </attachments>
                    <steps/>
                </step>
            </steps>
            <attachments/>
            <failure>
                <message>element.waitForDisplayed is not a function</message>
                <stack-trace>TypeError: element.waitForDisplayed is not a function
                    at ElementUtil.element_enterValue (D:\WebDriverIO_Env\Workspace\WebDriverIO_POM_Framework\util\element.util.js:9:17)
                    at UserManagementPage.verifyUserSearchFunctionality (D:\WebDriverIO_Env\Workspace\WebDriverIO_POM_Framework\pages\user.management.page.js:30:21)
                    at Context.&lt;anonymous> (D:\WebDriverIO_Env\Workspace\WebDriverIO_POM_Framework\test\test.user.management.js:28:28)
                    at Context.executeSync (D:\WebDriverIO_Env\Workspace\WebDriverIO_POM_Framework\node_modules\@wdio\sync\build\index.js:38:22)
                    at D:\WebDriverIO_Env\Workspace\WebDriverIO_POM_Framework\node_modules\@wdio\sync\build\index.js:69:68</stack-trace>
            </failure>
        </test-case>
    </test-cases>
</ns2:test-suite>