<?xml version='1.0'?>
<ns2:test-suite xmlns:ns2='urn:model.allure.qatools.yandex.ru' start='1616910867313' stop='1616910888725'>
    <name>User management page feature test</name>
    <title>User management page feature test</title>
    <test-cases>
        <test-case start='1616910867316' status='broken' stop='1616910887829'>
            <name>Verify navigate to user management page</name>
            <title>Verify navigate to user management page</title>
            <labels>
                <label name='language' value='javascript'/>
                <label name='framework' value='wdio'/>
                <label name='thread' value='0-0'/>
            </labels>
            <parameters>
                <parameter kind='argument' name='browser' value='chrome-89.0.4389.90'/>
            </parameters>
            <steps>
                <step start='1616910867378' status='passed' stop='1616910867642'>
                    <name>POST /session/:sessionId/window/rect</name>
                    <title>POST /session/:sessionId/window/rect</title>
                    <attachments>
                        <attachment title='Request' source='de623664-748a-440b-8cf5-13d1db2e9f01-attachment.json' type='application/json' size='62'/>
                        <attachment title='Response' source='23017c0b-74c2-4bdf-979a-dcd297fda5b4-attachment.json' type='application/json' size='58'/>
                    </attachments>
                    <steps/>
                </step>
                <step start='1616910867646' status='passed' stop='1616910873072'>
                    <name>POST /session/:sessionId/url</name>
                    <title>POST /session/:sessionId/url</title>
                    <attachments>
                        <attachment title='Request' source='e2e371d7-0e14-408e-8db5-ebbd079defec-attachment.json' type='application/json' size='57'/>
                    </attachments>
                    <steps/>
                </step>
                <step start='1616910878083' status='passed' stop='1616910878206'>
                    <name>POST /session/:sessionId/element</name>
                    <title>POST /session/:sessionId/element</title>
                    <attachments>
                        <attachment title='Request' source='dbd9fa73-469a-417e-bf87-6ba37e3b1693-attachment.json' type='application/json' size='63'/>
                        <attachment title='Response' source='b888c46d-c5b1-4503-bdef-36e2fc43c93f-attachment.json' type='application/json' size='83'/>
                    </attachments>
                    <steps/>
                </step>
                <step start='1616910878260' status='passed' stop='1616910878492'>
                    <name>POST /session/:sessionId/execute/sync</name>
                    <title>POST /session/:sessionId/execute/sync</title>
                    <attachments>
                        <attachment title='Request' source='1233ada4-4af0-4c53-a320-29d669bf9747-attachment.json' type='application/json' size='8337'/>
                        <attachment title='Response' source='e396a655-5e11-47ec-83ae-23fe77c13df4-attachment.json' type='application/json' size='4'/>
                    </attachments>
                    <steps/>
                </step>
                <step start='1616910878493' status='passed' stop='1616910878605'>
                    <name>POST /session/:sessionId/element/509232bf-0d2d-4c09-9311-afc25ab7faa1/clear</name>
                    <title>POST /session/:sessionId/element/509232bf-0d2d-4c09-9311-afc25ab7faa1/clear</title>
                    <attachments/>
                    <steps/>
                </step>
                <step start='1616910878615' status='passed' stop='1616910878733'>
                    <name>POST /session/:sessionId/element/509232bf-0d2d-4c09-9311-afc25ab7faa1/value</name>
                    <title>POST /session/:sessionId/element/509232bf-0d2d-4c09-9311-afc25ab7faa1/value</title>
                    <attachments>
                        <attachment title='Request' source='9ae5dc23-e4be-4b86-8af7-1f28efd286ce-attachment.json' type='application/json' size='21'/>
                    </attachments>
                    <steps/>
                </step>
                <step start='1616910878734' status='passed' stop='1616910878778'>
                    <name>POST /session/:sessionId/element</name>
                    <title>POST /session/:sessionId/element</title>
                    <attachments>
                        <attachment title='Request' source='74bea6b4-483f-4a75-abcf-c88e79ee7238-attachment.json' type='application/json' size='63'/>
                        <attachment title='Response' source='87c39fbb-708d-4385-87f5-bc7b534c4929-attachment.json' type='application/json' size='83'/>
                    </attachments>
                    <steps/>
                </step>
                <step start='1616910878786' status='passed' stop='1616910878810'>
                    <name>POST /session/:sessionId/execute/sync</name>
                    <title>POST /session/:sessionId/execute/sync</title>
                    <attachments>
                        <attachment title='Request' source='30065238-f72b-4386-83ac-0bb61d43f005-attachment.json' type='application/json' size='8337'/>
                        <attachment title='Response' source='ff7da6d5-86d9-4c57-ac76-4db32c0cdf64-attachment.json' type='application/json' size='4'/>
                    </attachments>
                    <steps/>
                </step>
                <step start='1616910878811' status='passed' stop='1616910878916'>
                    <name>POST /session/:sessionId/element/570c2448-8f24-4a9d-9f0e-ef2ae162ada3/clear</name>
                    <title>POST /session/:sessionId/element/570c2448-8f24-4a9d-9f0e-ef2ae162ada3/clear</title>
                    <attachments/>
                    <steps/>
                </step>
                <step start='1616910878917' status='passed' stop='1616910879062'>
                    <name>POST /session/:sessionId/element/570c2448-8f24-4a9d-9f0e-ef2ae162ada3/value</name>
                    <title>POST /session/:sessionId/element/570c2448-8f24-4a9d-9f0e-ef2ae162ada3/value</title>
                    <attachments>
                        <attachment title='Request' source='52764826-05bc-45b9-bb04-23bda02b014f-attachment.json' type='application/json' size='24'/>
                    </attachments>
                    <steps/>
                </step>
                <step start='1616910879063' status='passed' stop='1616910879093'>
                    <name>POST /session/:sessionId/element</name>
                    <title>POST /session/:sessionId/element</title>
                    <attachments>
                        <attachment title='Request' source='9d88d9ac-785b-445a-beb6-8f54d7151a41-attachment.json' type='application/json' size='60'/>
                        <attachment title='Response' source='f1aa5a22-f14e-49b3-9196-3aa57649ead8-attachment.json' type='application/json' size='83'/>
                    </attachments>
                    <steps/>
                </step>
                <step start='1616910879099' status='passed' stop='1616910879160'>
                    <name>POST /session/:sessionId/execute/sync</name>
                    <title>POST /session/:sessionId/execute/sync</title>
                    <attachments>
                        <attachment title='Request' source='60b6376e-eec9-4a99-b081-d5fc917bb48f-attachment.json' type='application/json' size='8337'/>
                        <attachment title='Response' source='759bacd3-b325-4e50-aa23-e90751b6a0bc-attachment.json' type='application/json' size='4'/>
                    </attachments>
                    <steps/>
                </step>
                <step start='1616910879160' status='passed' stop='1616910886716'>
                    <name>POST /session/:sessionId/element/425d1194-3b13-4889-a38d-70869f2b3044/click</name>
                    <title>POST /session/:sessionId/element/425d1194-3b13-4889-a38d-70869f2b3044/click</title>
                    <attachments/>
                    <steps/>
                </step>
                <step start='1616910886718' status='passed' stop='1616910886820'>
                    <name>GET /session/:sessionId/title</name>
                    <title>GET /session/:sessionId/title</title>
                    <attachments>
                        <attachment title='Response' source='02659130-a26f-4da7-adf8-b377abd47145-attachment.json' type='application/json' size='11'/>
                    </attachments>
                    <steps/>
                </step>
                <step start='1616910886821' status='passed' stop='1616910887038'>
                    <name>GET /session/:sessionId/title</name>
                    <title>GET /session/:sessionId/title</title>
                    <attachments>
                        <attachment title='Response' source='c7c7d688-57ba-4fe8-9374-fd3c7bde768c-attachment.json' type='application/json' size='11'/>
                    </attachments>
                    <steps/>
                </step>
                <step start='1616910887137' status='passed' stop='1616910887822'>
                    <name>GET /session/:sessionId/screenshot</name>
                    <title>GET /session/:sessionId/screenshot</title>
                    <attachments>
                        <attachment title='Screenshot' source='41459325-09eb-4fd6-89ac-3bb708fd698c-attachment.png' type='image/png' size='73773'/>
                    </attachments>
                    <steps/>
                </step>
            </steps>
            <attachments/>
            <failure>
                <message>element.moveTo is not a function</message>
                <stack-trace>TypeError: element.moveTo is not a function
                    at MouseAction.moveToElement (D:\WebDriverIO_Env\Workspace\WebDriverIO_POM_Framework\util\mouse.action.js:4:17)
                    at HomePage.navigateToUserManagementPage (D:\WebDriverIO_Env\Workspace\WebDriverIO_POM_Framework\pages\home.page.js:48:21)
                    at Context.&lt;anonymous> (D:\WebDriverIO_Env\Workspace\WebDriverIO_POM_Framework\test\test.user.management.js:19:18)
                    at Context.executeSync (D:\WebDriverIO_Env\Workspace\WebDriverIO_POM_Framework\node_modules\@wdio\sync\build\index.js:38:22)
                    at D:\WebDriverIO_Env\Workspace\WebDriverIO_POM_Framework\node_modules\@wdio\sync\build\index.js:69:68</stack-trace>
            </failure>
        </test-case>
        <test-case start='1616910887832' status='broken' stop='1616910888271'>
            <name>Verify user management page header</name>
            <title>Verify user management page header</title>
            <labels>
                <label name='language' value='javascript'/>
                <label name='framework' value='wdio'/>
                <label name='thread' value='0-0'/>
            </labels>
            <parameters>
                <parameter kind='argument' name='browser' value='chrome-89.0.4389.90'/>
            </parameters>
            <steps>
                <step start='1616910887839' status='passed' stop='1616910888270'>
                    <name>GET /session/:sessionId/screenshot</name>
                    <title>GET /session/:sessionId/screenshot</title>
                    <attachments>
                        <attachment title='Screenshot' source='287983e2-78c3-4713-95af-781ea43a151a-attachment.png' type='image/png' size='73773'/>
                    </attachments>
                    <steps/>
                </step>
            </steps>
            <attachments/>
            <failure>
                <message>element.waitForDisplayed is not a function</message>
                <stack-trace>TypeError: element.waitForDisplayed is not a function
                    at ElementUtil.element_getText (D:\WebDriverIO_Env\Workspace\WebDriverIO_POM_Framework\util\element.util.js:19:17)
                    at UserManagementPage.verifyUserManagementPageHeaderText (D:\WebDriverIO_Env\Workspace\WebDriverIO_POM_Framework\pages\user.management.page.js:26:28)
                    at Context.&lt;anonymous> (D:\WebDriverIO_Env\Workspace\WebDriverIO_POM_Framework\test\test.user.management.js:23:43)
                    at Context.executeSync (D:\WebDriverIO_Env\Workspace\WebDriverIO_POM_Framework\node_modules\@wdio\sync\build\index.js:38:22)
                    at D:\WebDriverIO_Env\Workspace\WebDriverIO_POM_Framework\node_modules\@wdio\sync\build\index.js:69:68</stack-trace>
            </failure>
        </test-case>
        <test-case start='1616910888271' status='broken' stop='1616910888720'>
            <name>Verify user search functionality</name>
            <title>Verify user search functionality</title>
            <labels>
                <label name='language' value='javascript'/>
                <label name='framework' value='wdio'/>
                <label name='thread' value='0-0'/>
            </labels>
            <parameters>
                <parameter kind='argument' name='browser' value='chrome-89.0.4389.90'/>
            </parameters>
            <steps>
                <step start='1616910888274' status='passed' stop='1616910888719'>
                    <name>GET /session/:sessionId/screenshot</name>
                    <title>GET /session/:sessionId/screenshot</title>
                    <attachments>
                        <attachment title='Screenshot' source='09f48012-c12c-4407-8793-d4ce220c47e9-attachment.png' type='image/png' size='73773'/>
                    </attachments>
                    <steps/>
                </step>
            </steps>
            <attachments/>
            <failure>
                <message>element.waitForDisplayed is not a function</message>
                <stack-trace>TypeError: element.waitForDisplayed is not a function
                    at ElementUtil.element_enterValue (D:\WebDriverIO_Env\Workspace\WebDriverIO_POM_Framework\util\element.util.js:9:17)
                    at UserManagementPage.verifyUserSearchFunctionality (D:\WebDriverIO_Env\Workspace\WebDriverIO_POM_Framework\pages\user.management.page.js:30:21)
                    at Context.&lt;anonymous> (D:\WebDriverIO_Env\Workspace\WebDriverIO_POM_Framework\test\test.user.management.js:28:28)
                    at Context.executeSync (D:\WebDriverIO_Env\Workspace\WebDriverIO_POM_Framework\node_modules\@wdio\sync\build\index.js:38:22)
                    at D:\WebDriverIO_Env\Workspace\WebDriverIO_POM_Framework\node_modules\@wdio\sync\build\index.js:69:68</stack-trace>
            </failure>
        </test-case>
    </test-cases>
</ns2:test-suite>